\BOOKMARK [0][-]{chapter.1}{Introduction to normal mixture models}{}% 1
\BOOKMARK [1][-]{section.1.1}{Definitions}{chapter.1}% 2
\BOOKMARK [1][-]{section.1.2}{The EM-Algorithm in Sketch}{chapter.1}% 3
\BOOKMARK [1][-]{section.1.3}{Choice of Notation}{chapter.1}% 4
\BOOKMARK [1][-]{section.1.4}{Models of Covariance Matrices}{chapter.1}% 5
\BOOKMARK [1][-]{section.1.5}{Problems of the EM-algorithm}{chapter.1}% 6
\BOOKMARK [0][-]{chapter.2}{The norMmix Package}{}% 7
\BOOKMARK [1][-]{section.2.1}{Introduction to the norMmix Package}{chapter.2}% 8
\BOOKMARK [2][-]{subsection.2.1.1}{norMmixMLE}{section.2.1}% 9
\BOOKMARK [1][-]{section.2.2}{On The Development of norMmix}{chapter.2}% 10
\BOOKMARK [1][-]{section.2.3}{Demonstration}{chapter.2}% 11
\BOOKMARK [0][-]{chapter.3}{Comparing Algorithms}{}% 12
\BOOKMARK [1][-]{section.3.1}{Time Analysis}{chapter.3}% 13
\BOOKMARK [1][-]{section.3.2}{Behaviour in n}{chapter.3}% 14
\BOOKMARK [1][-]{section.3.3}{Difficult Mixtures}{chapter.3}% 15
\BOOKMARK [1][-]{section.3.4}{Nonnormal Mixtures}{chapter.3}% 16
\BOOKMARK [0][-]{chapter.4}{Discussion}{}% 17
\BOOKMARK [1][-]{section.4.1}{Acknowledgements}{chapter.4}% 18
\BOOKMARK [0][-]{section*.4}{Bibliography}{}% 19
\BOOKMARK [0][-]{appendix.A}{RCode}{}% 20
\BOOKMARK [1][-]{section.A.1}{llnorMmix}{appendix.A}% 21
\BOOKMARK [1][-]{section.A.2}{Example Simulation Script}{appendix.A}% 22
\BOOKMARK [0][-]{appendix.B}{Further Plots}{}% 23
\BOOKMARK [1][-]{section.B.1}{Behaviour in n}{appendix.B}% 24
\BOOKMARK [2][-]{subsection.B.1.1}{MW214}{section.B.1}% 25
\BOOKMARK [2][-]{subsection.B.1.2}{MW51}{section.B.1}% 26
\BOOKMARK [1][-]{section.B.2}{Other Data}{appendix.B}% 27
