This is pdfTeX, Version 3.14159265-2.6-1.40.16 (TeX Live 2015/Debian) (preloaded format=pdflatex 2019.4.7)  11 JUL 2019 09:33
entering extended mode
 restricted \write18 enabled.
 file:line:error style messages enabled.
 %&-line parsing enabled.
**/home/n/ethz/BA/Bachelorthesis/chapter1.tex
(/home/n/ethz/BA/Bachelorthesis/chapter1.tex
LaTeX2e <2016/02/01>
Babel <3.9q> and hyphenation patterns for 3 language(s) loaded.
/home/n/ethz/BA/Bachelorthesis/chapter1.tex:1: Undefined control sequence.
l.1 \chapter
            {Introduction to normal mixture models}% Umlaute work thanks to ...
 
Here is how much of TeX's memory you used:
 6 strings out of 494953
 229 string characters out of 6180978
 45171 words of memory out of 5000000
 3390 multiletter control sequences out of 15000+600000
 3640 words of font info for 14 fonts, out of 8000000 for 9000
 14 hyphenation exceptions out of 8191
 5i,0n,1p,151b,8s stack positions out of 5000i,500n,10000p,200000b,80000s
/home/n/ethz/BA/Bachelorthesis/chapter1.tex:1:  ==> Fatal error occurred, no ou
tput PDF file produced!
