Hmm ... looks like a package

This is pdfTeX, Version 3.14159265-2.6-1.40.18 (TeX Live 2017) (preloaded format=pdflatex)
 restricted \write18 enabled.
entering extended mode
LaTeX2e <2017-04-15>
Babel <3.10> and hyphenation patterns for 84 language(s) loaded.
(./Rd2.tex
(/hg/s/linux/rhel3_amd64/app/teTeX/06.17/texmf-dist/tex/latex/base/book.cls
Document Class: book 2014/09/29 v1.4h Standard LaTeX document class
(/hg/s/linux/rhel3_amd64/app/teTeX/06.17/texmf-dist/tex/latex/base/bk10.clo))
(/u/sfs/tex/tex/latex/Rd.sty
(/hg/s/linux/rhel3_amd64/app/teTeX/06.17/texmf-dist/tex/latex/base/ifthen.sty)
(/hg/s/linux/rhel3_amd64/app/teTeX/06.17/texmf-dist/tex/latex/tools/longtable.s
ty) (/hg/s/linux/rhel3_amd64/app/teTeX/06.17/texmf-dist/tex/latex/tools/bm.sty)
 (/hg/s/linux/rhel3_amd64/app/teTeX/06.17/texmf-dist/tex/latex/base/alltt.sty)
(/hg/s/linux/rhel3_amd64/app/teTeX/06.17/texmf-dist/tex/latex/tools/verbatim.st
y) (/hg/s/linux/rhel3_amd64/app/teTeX/06.17/texmf-dist/tex/latex/url/url.sty)
(/hg/s/linux/rhel3_amd64/app/teTeX/06.17/texmf-dist/tex/latex/base/textcomp.sty
(/hg/s/linux/rhel3_amd64/app/teTeX/06.17/texmf-dist/tex/latex/base/ts1enc.def))
(/hg/s/linux/rhel3_amd64/app/teTeX/06.17/texmf-dist/tex/latex/base/fontenc.sty
(/hg/s/linux/rhel3_amd64/app/teTeX/06.17/texmf-dist/tex/latex/base/t1enc.def))
(/hg/s/linux/rhel3_amd64/app/teTeX/06.17/texmf-dist/tex/latex/psnfss/times.sty)

(/hg/s/linux/rhel3_amd64/app/teTeX/06.17/texmf-dist/tex/latex/inconsolata/zi4.s
ty `inconsolata-zi4' v1.112, 2017/01/04 Text macros for Inconsolata (msharpe)
(/hg/s/linux/rhel3_amd64/app/teTeX/06.17/texmf-dist/tex/latex/xkeyval/xkeyval.s
ty
(/hg/s/linux/rhel3_amd64/app/teTeX/06.17/texmf-dist/tex/generic/xkeyval/xkeyval
.tex
(/hg/s/linux/rhel3_amd64/app/teTeX/06.17/texmf-dist/tex/generic/xkeyval/xkvutil
s.tex
(/hg/s/linux/rhel3_amd64/app/teTeX/06.17/texmf-dist/tex/generic/xkeyval/keyval.
tex)))))
(/hg/s/linux/rhel3_amd64/app/teTeX/06.17/texmf-dist/tex/latex/graphics/color.st
y
(/hg/s/linux/rhel3_amd64/app/teTeX/06.17/texmf-dist/tex/latex/graphics-cfg/colo
r.cfg)
(/hg/s/linux/rhel3_amd64/app/teTeX/06.17/texmf-dist/tex/latex/graphics-def/pdft
ex.def))
(/hg/s/linux/rhel3_amd64/app/teTeX/06.17/texmf-dist/tex/latex/hyperref/hyperref
.sty
(/hg/s/linux/rhel3_amd64/app/teTeX/06.17/texmf-dist/tex/generic/oberdiek/hobsub
-hyperref.sty
(/hg/s/linux/rhel3_amd64/app/teTeX/06.17/texmf-dist/tex/generic/oberdiek/hobsub
-generic.sty))
(/hg/s/linux/rhel3_amd64/app/teTeX/06.17/texmf-dist/tex/generic/ifxetex/ifxetex
.sty)
(/hg/s/linux/rhel3_amd64/app/teTeX/06.17/texmf-dist/tex/latex/oberdiek/auxhook.
sty)
(/hg/s/linux/rhel3_amd64/app/teTeX/06.17/texmf-dist/tex/latex/oberdiek/kvoption
s.sty)
(/hg/s/linux/rhel3_amd64/app/teTeX/06.17/texmf-dist/tex/latex/hyperref/pd1enc.d
ef)
(/hg/s/linux/rhel3_amd64/app/teTeX/06.17/texmf-dist/tex/latex/latexconfig/hyper
ref.cfg))

Package hyperref Message: Driver (autodetected): hpdftex.


(/hg/s/linux/rhel3_amd64/app/teTeX/06.17/texmf-dist/tex/latex/hyperref/hpdftex.
def
(/hg/s/linux/rhel3_amd64/app/teTeX/06.17/texmf-dist/tex/latex/oberdiek/rerunfil
echeck.sty))

Package hyperref Warning: Option `hyperindex' has already been used,
(hyperref)                setting the option has no effect on input line 377.


Package hyperref Warning: Option `pagebackref' has already been used,
(hyperref)                setting the option has no effect on input line 377.

)
(/hg/s/linux/rhel3_amd64/app/teTeX/06.17/texmf-dist/tex/latex/base/makeidx.sty)

(/hg/s/linux/rhel3_amd64/app/teTeX/06.17/texmf-dist/tex/latex/base/inputenc.sty
(/hg/s/linux/rhel3_amd64/app/teTeX/06.17/texmf-dist/tex/latex/base/utf8.def
(/hg/s/linux/rhel3_amd64/app/teTeX/06.17/texmf-dist/tex/latex/base/t1enc.dfu)
(/hg/s/linux/rhel3_amd64/app/teTeX/06.17/texmf-dist/tex/latex/base/ot1enc.dfu)
(/hg/s/linux/rhel3_amd64/app/teTeX/06.17/texmf-dist/tex/latex/base/omsenc.dfu)
(/hg/s/linux/rhel3_amd64/app/teTeX/06.17/texmf-dist/tex/latex/base/ts1enc.dfu))
)
Writing index file Rd2.idx
No file Rd2.aux.
(/hg/s/linux/rhel3_amd64/app/teTeX/06.17/texmf-dist/tex/latex/base/ts1cmr.fd)
(/hg/s/linux/rhel3_amd64/app/teTeX/06.17/texmf-dist/tex/latex/psnfss/t1ptm.fd)
(/hg/s/linux/rhel3_amd64/app/teTeX/06.17/texmf-dist/tex/context/base/mkii/supp-
pdf.mkii
[Loading MPS to PDF converter (version 2006.09.02).]
)
(/hg/s/linux/rhel3_amd64/app/teTeX/06.17/texmf-dist/tex/latex/hyperref/nameref.
sty
(/hg/s/linux/rhel3_amd64/app/teTeX/06.17/texmf-dist/tex/generic/oberdiek/gettit
lestring.sty))
(/hg/s/linux/rhel3_amd64/app/teTeX/06.17/texmf-dist/tex/latex/base/utf8.def)
(/hg/s/linux/rhel3_amd64/app/teTeX/06.17/texmf-dist/tex/latex/inconsolata/t1zi4
.fd)
(/hg/s/linux/rhel3_amd64/app/teTeX/06.17/texmf-dist/tex/latex/psnfss/t1phv.fd)
(/hg/s/linux/rhel3_amd64/app/teTeX/06.17/texmf-dist/tex/latex/base/utf8.def)
[1{/hg/s/linux/rhel3_amd64/app/teTeX/06.17/texmf-var/fonts/map/pdftex/updmap/pd
ftex.map}]
(/hg/s/linux/rhel3_amd64/app/teTeX/06.17/texmf-dist/tex/latex/base/utf8.def)
Overfull \hbox (3.67877pt too wide) in paragraph at lines 116--120
[]\T1/ptm/m/n/10 From a list of char-ac-ter vec-tors, will ap-ply [][]\T1/zi4/m
/n/10 massbic[][][]\T1/ptm/m/n/10 , [][]\T1/zi4/m/n/10 massbicm[][][] \T1/ptm/m
/n/10 fol-lowed by [][]\T1/zi4/m/n/10 massplot[][][] \T1/ptm/m/n/10 and [][]\T1
/zi4/m/n/10 compplot[][][]\T1/ptm/m/n/10 .
[2] [3]
(/hg/s/linux/rhel3_amd64/app/teTeX/06.17/texmf-dist/tex/latex/base/utf8.def)
(/hg/s/linux/rhel3_amd64/app/teTeX/06.17/texmf-dist/tex/latex/base/utf8.def)
[4] (/hg/s/linux/rhel3_amd64/app/teTeX/06.17/texmf-dist/tex/latex/base/utf8.def
) [5]
Overfull \hbox (8.21786pt too wide) in paragraph at lines 362--365
[][][]\T1/zi4/m/n/10 chol[][][]() \T1/ptm/m/n/10 in base \T1/phv/m/n/10 R\T1/pt
m/m/n/10 , or also a ``gen-er-al-ized LDL'' de-com-po-si-tion, the Bunch-Kaufma
n, [][]\T1/zi4/m/n/10 BunchKaufman[][][]()

(/hg/s/linux/rhel3_amd64/app/teTeX/06.17/texmf-dist/tex/latex/inconsolata/ts1zi
4.fd) [6]
Underfull \vbox (badness 10000) has occurred while \output is active [7]
(/hg/s/linux/rhel3_amd64/app/teTeX/06.17/texmf-dist/tex/latex/base/utf8.def)
Underfull \hbox (badness 10000) in paragraph at lines 473--473
[]\T1/ptm/m/it/10 Log-Likelihood of Mul-ti-vari-ate Nor-mal Mix-ture Re-ly-ing 
on
(/hg/s/linux/rhel3_amd64/app/teTeX/06.17/texmf-dist/tex/latex/base/utf8.def)
[8] (/hg/s/linux/rhel3_amd64/app/teTeX/06.17/texmf-dist/tex/latex/base/utf8.def
)
Overfull \hbox (9.51633pt too wide) in paragraph at lines 578--582
[]\T1/ptm/m/n/10 Nicolas Trut-mann con-structed mul-ti-vari-ate ver-sions from 
most of the uni-vari-ate (i.e., one-dimensional)
[9] (/hg/s/linux/rhel3_amd64/app/teTeX/06.17/texmf-dist/tex/latex/base/utf8.def
) [10]
(/hg/s/linux/rhel3_amd64/app/teTeX/06.17/texmf-dist/tex/latex/base/utf8.def)
[11]
(/hg/s/linux/rhel3_amd64/app/teTeX/06.17/texmf-dist/tex/latex/base/utf8.def)
[12]
(/hg/s/linux/rhel3_amd64/app/teTeX/06.17/texmf-dist/tex/latex/base/utf8.def)
[13]
(/hg/s/linux/rhel3_amd64/app/teTeX/06.17/texmf-dist/tex/latex/base/utf8.def)
Overfull \hbox (22.09842pt too wide) in paragraph at lines 908--910
[]\T1/ptm/m/n/10 p-vector of mix-ture prob-a-bil-ity weights; non-negative, sum
-ming to one: \T1/zi4/m/n/10 sum(weight)
[14]
(/hg/s/linux/rhel3_amd64/app/teTeX/06.17/texmf-dist/tex/latex/base/utf8.def)
Overfull \hbox (0.65622pt too wide) in paragraph at lines 941--946
[]\T1/ptm/m/n/10 Direct Max-i-mum Like-li-hood Es-ti-ma-tion (MLE) for mul-ti-v
ari-ate nor-mal mix-ture mod-els \T1/zi4/m/n/10 "[][]norMmix[][][]"\T1/ptm/m/n/
10 .
[15]
Overfull \hbox (28.29951pt too wide) in paragraph at lines 980--982
[]\T1/ptm/m/n/10 arguments for tun-ing the op-ti-mizer [][]\T1/zi4/m/n/10 optim
[][][](*,method=method,control = list(...))\T1/ptm/m/n/10 . 

Overfull \hbox (5.25328pt too wide) in paragraph at lines 1020--1020
 []\T1/zi4/m/n/9 if(interactive()) ## Fitting "wrong" overparametrized model: t
ypically need more iterations:[] 

Overfull \hbox (3.72261pt too wide) in paragraph at lines 1021--1021
 []  \T1/zi4/m/n/9 fmW <- norMmixMLE(x, k = 7, model = "VVV", maxit = 200)# def
ault maxit=100 is often too small[] 
(/hg/s/linux/rhel3_amd64/app/teTeX/06.17/texmf-dist/tex/latex/base/utf8.def)
[16]
(/hg/s/linux/rhel3_amd64/app/teTeX/06.17/texmf-dist/tex/latex/base/utf8.def)
(/hg/s/linux/rhel3_amd64/app/teTeX/06.17/texmf-dist/tex/latex/base/utf8.def)
[17]
(/hg/s/linux/rhel3_amd64/app/teTeX/06.17/texmf-dist/tex/latex/base/utf8.def)
Overfull \hbox (2.19864pt too wide) in paragraph at lines 1164--1166
[]\T1/ptm/m/n/10 further ar-gu-ments to be passed to [][]\T1/zi4/m/n/10 plot[][
][] \T1/ptm/m/n/10 if plotbest=TRUE, and [][]\T1/zi4/m/n/10 matplot[][][] \T1/p
tm/m/n/10 if FALSE 
[18]
(/hg/s/linux/rhel3_amd64/app/teTeX/06.17/texmf-dist/tex/latex/base/utf8.def)
(/hg/s/linux/rhel3_amd64/app/teTeX/06.17/texmf-dist/tex/latex/base/utf8.def)
[19]
(/hg/s/linux/rhel3_amd64/app/teTeX/06.17/texmf-dist/tex/latex/base/utf8.def)
Overfull \hbox (8.8184pt too wide) in paragraph at lines 1270--1272
[]\T1/ptm/m/n/10 a [][]\T1/zi4/m/n/10 character[][][] \T1/ptm/m/n/10 string spe
c-i-fy-ing the trans-form to use for the weights, see [][]\T1/zi4/m/n/10 llnorM
mix[][][]\T1/ptm/m/n/10 . 
[20]
No file Rd2.ind.
[21] (/tmp/RtmpxRU4dh/Rd2pdf75182507b565/Rd2.aux)

Package rerunfilecheck Warning: File `Rd2.out' has changed.
(rerunfilecheck)                Rerun to get outlines right
(rerunfilecheck)                or use package `bookmark'.

 )
(see the transcript file for additional information)pdfTeX warning (dest): name
{Rfn.rmultinom} has been referenced but does not exist, replaced by a fixed one


pdfTeX warning (dest): name{Rfn.points} has been referenced but does not exist,
 replaced by a fixed one

pdfTeX warning (dest): name{Rfn.BIC} has been referenced but does not exist, re
placed by a fixed one

pdfTeX warning (dest): name{Rfn.matplot} has been referenced but does not exist
, replaced by a fixed one

pdfTeX warning (dest): name{Rfn.plot} has been referenced but does not exist, r
eplaced by a fixed one

pdfTeX warning (dest): name{Rfn.length} has been referenced but does not exist,
 replaced by a fixed one

pdfTeX warning (dest): name{Rfn.class} has been referenced but does not exist, 
replaced by a fixed one

pdfTeX warning (dest): name{Rfn.ncol} has been referenced but does not exist, r
eplaced by a fixed one

pdfTeX warning (dest): name{Rfn.nrow} has been referenced but does not exist, r
eplaced by a fixed one

pdfTeX warning (dest): name{Rfn.optim} has been referenced but does not exist, 
replaced by a fixed one

pdfTeX warning (dest): name{Rfn.clara} has been referenced but does not exist, 
replaced by a fixed one

pdfTeX warning (dest): name{Rfn.function} has been referenced but does not exis
t, replaced by a fixed one

pdfTeX warning (dest): name{Rfn.Mclust} has been referenced but does not exist,
 replaced by a fixed one

pdfTeX warning (dest): name{Rfn.matrix} has been referenced but does not exist,
 replaced by a fixed one

pdfTeX warning (dest): name{Rfn.dmvnorm} has been referenced but does not exist
, replaced by a fixed one

pdfTeX warning (dest): name{Rfn.BunchKaufman} has been referenced but does not 
exist, replaced by a fixed one

pdfTeX warning (dest): name{Rfn.chol} has been referenced but does not exist, r
eplaced by a fixed one

pdfTeX warning (dest): name{Rfn.character} has been referenced but does not exi
st, replaced by a fixed one

pdfTeX warning (dest): name{Rfn.system.time} has been referenced but does not e
xist, replaced by a fixed one

pdfTeX warning (dest): name{Rfn.files} has been referenced but does not exist, 
replaced by a fixed one

pdfTeX warning (dest): name{Rfn.saveRDS} has been referenced but does not exist
, replaced by a fixed one

pdfTeX warning (dest): name{Rfn.list} has been referenced but does not exist, r
eplaced by a fixed one

{/hg/s/linux/rhel3_amd64/app/teTeX/06.17/texmf-dist/fonts/enc/dvips/inconsolata
/i4-ts1.enc}{/hg/s/linux/rhel3_amd64/app/teTeX/06.17/texmf-dist/fonts/enc/dvips
/base/8r.enc}{/hg/s/linux/rhel3_amd64/app/teTeX/06.17/texmf-dist/fonts/enc/dvip
s/inconsolata/i4-t1-0.enc}</hg/s/linux/rhel3_amd64/app/teTeX/06.17/texmf-dist/f
onts/type1/public/inconsolata/Inconsolata-zi4r.pfb></hg/s/linux/rhel3_amd64/app
/teTeX/06.17/texmf-dist/fonts/type1/public/amsfonts/cm/cmmi10.pfb></hg/s/linux/
rhel3_amd64/app/teTeX/06.17/texmf-dist/fonts/type1/public/amsfonts/cm/cmmi7.pfb
></hg/s/linux/rhel3_amd64/app/teTeX/06.17/texmf-dist/fonts/type1/public/amsfont
s/cm/cmr10.pfb></hg/s/linux/rhel3_amd64/app/teTeX/06.17/texmf-dist/fonts/type1/
public/amsfonts/cm/cmr7.pfb></hg/s/linux/rhel3_amd64/app/teTeX/06.17/texmf-dist
/fonts/type1/public/amsfonts/cm/cmsy10.pfb></hg/s/linux/rhel3_amd64/app/teTeX/0
6.17/texmf-dist/fonts/type1/public/amsfonts/cm/cmsy7.pfb></hg/s/linux/rhel3_amd
64/app/teTeX/06.17/texmf-dist/fonts/type1/urw/helvetic/uhvr8a.pfb></hg/s/linux/
rhel3_amd64/app/teTeX/06.17/texmf-dist/fonts/type1/urw/times/utmb8a.pfb></hg/s/
linux/rhel3_amd64/app/teTeX/06.17/texmf-dist/fonts/type1/urw/times/utmr8a.pfb><
/hg/s/linux/rhel3_amd64/app/teTeX/06.17/texmf-dist/fonts/type1/urw/times/utmr8a
.pfb></hg/s/linux/rhel3_amd64/app/teTeX/06.17/texmf-dist/fonts/type1/urw/times/
utmri8a.pfb>
Output written on Rd2.pdf (21 pages, 176741 bytes).
Transcript written on Rd2.log.
This is pdfTeX, Version 3.14159265-2.6-1.40.18 (TeX Live 2017) (preloaded format=pdflatex)
 restricted \write18 enabled.
entering extended mode
LaTeX2e <2017-04-15>
Babel <3.10> and hyphenation patterns for 84 language(s) loaded.
(./Rd2.tex
(/hg/s/linux/rhel3_amd64/app/teTeX/06.17/texmf-dist/tex/latex/base/book.cls
Document Class: book 2014/09/29 v1.4h Standard LaTeX document class
(/hg/s/linux/rhel3_amd64/app/teTeX/06.17/texmf-dist/tex/latex/base/bk10.clo))
(/u/sfs/tex/tex/latex/Rd.sty
(/hg/s/linux/rhel3_amd64/app/teTeX/06.17/texmf-dist/tex/latex/base/ifthen.sty)
(/hg/s/linux/rhel3_amd64/app/teTeX/06.17/texmf-dist/tex/latex/tools/longtable.s
ty) (/hg/s/linux/rhel3_amd64/app/teTeX/06.17/texmf-dist/tex/latex/tools/bm.sty)
 (/hg/s/linux/rhel3_amd64/app/teTeX/06.17/texmf-dist/tex/latex/base/alltt.sty)
(/hg/s/linux/rhel3_amd64/app/teTeX/06.17/texmf-dist/tex/latex/tools/verbatim.st
y) (/hg/s/linux/rhel3_amd64/app/teTeX/06.17/texmf-dist/tex/latex/url/url.sty)
(/hg/s/linux/rhel3_amd64/app/teTeX/06.17/texmf-dist/tex/latex/base/textcomp.sty
(/hg/s/linux/rhel3_amd64/app/teTeX/06.17/texmf-dist/tex/latex/base/ts1enc.def))
(/hg/s/linux/rhel3_amd64/app/teTeX/06.17/texmf-dist/tex/latex/base/fontenc.sty
(/hg/s/linux/rhel3_amd64/app/teTeX/06.17/texmf-dist/tex/latex/base/t1enc.def))
(/hg/s/linux/rhel3_amd64/app/teTeX/06.17/texmf-dist/tex/latex/psnfss/times.sty)

(/hg/s/linux/rhel3_amd64/app/teTeX/06.17/texmf-dist/tex/latex/inconsolata/zi4.s
ty `inconsolata-zi4' v1.112, 2017/01/04 Text macros for Inconsolata (msharpe)
(/hg/s/linux/rhel3_amd64/app/teTeX/06.17/texmf-dist/tex/latex/xkeyval/xkeyval.s
ty
(/hg/s/linux/rhel3_amd64/app/teTeX/06.17/texmf-dist/tex/generic/xkeyval/xkeyval
.tex
(/hg/s/linux/rhel3_amd64/app/teTeX/06.17/texmf-dist/tex/generic/xkeyval/xkvutil
s.tex
(/hg/s/linux/rhel3_amd64/app/teTeX/06.17/texmf-dist/tex/generic/xkeyval/keyval.
tex)))))
(/hg/s/linux/rhel3_amd64/app/teTeX/06.17/texmf-dist/tex/latex/graphics/color.st
y
(/hg/s/linux/rhel3_amd64/app/teTeX/06.17/texmf-dist/tex/latex/graphics-cfg/colo
r.cfg)
(/hg/s/linux/rhel3_amd64/app/teTeX/06.17/texmf-dist/tex/latex/graphics-def/pdft
ex.def))
(/hg/s/linux/rhel3_amd64/app/teTeX/06.17/texmf-dist/tex/latex/hyperref/hyperref
.sty
(/hg/s/linux/rhel3_amd64/app/teTeX/06.17/texmf-dist/tex/generic/oberdiek/hobsub
-hyperref.sty
(/hg/s/linux/rhel3_amd64/app/teTeX/06.17/texmf-dist/tex/generic/oberdiek/hobsub
-generic.sty))
(/hg/s/linux/rhel3_amd64/app/teTeX/06.17/texmf-dist/tex/generic/ifxetex/ifxetex
.sty)
(/hg/s/linux/rhel3_amd64/app/teTeX/06.17/texmf-dist/tex/latex/oberdiek/auxhook.
sty)
(/hg/s/linux/rhel3_amd64/app/teTeX/06.17/texmf-dist/tex/latex/oberdiek/kvoption
s.sty)
(/hg/s/linux/rhel3_amd64/app/teTeX/06.17/texmf-dist/tex/latex/hyperref/pd1enc.d
ef)
(/hg/s/linux/rhel3_amd64/app/teTeX/06.17/texmf-dist/tex/latex/latexconfig/hyper
ref.cfg))

Package hyperref Message: Driver (autodetected): hpdftex.


(/hg/s/linux/rhel3_amd64/app/teTeX/06.17/texmf-dist/tex/latex/hyperref/hpdftex.
def
(/hg/s/linux/rhel3_amd64/app/teTeX/06.17/texmf-dist/tex/latex/oberdiek/rerunfil
echeck.sty))

Package hyperref Warning: Option `hyperindex' has already been used,
(hyperref)                setting the option has no effect on input line 377.


Package hyperref Warning: Option `pagebackref' has already been used,
(hyperref)                setting the option has no effect on input line 377.

)
(/hg/s/linux/rhel3_amd64/app/teTeX/06.17/texmf-dist/tex/latex/base/makeidx.sty)

(/hg/s/linux/rhel3_amd64/app/teTeX/06.17/texmf-dist/tex/latex/base/inputenc.sty
(/hg/s/linux/rhel3_amd64/app/teTeX/06.17/texmf-dist/tex/latex/base/utf8.def
(/hg/s/linux/rhel3_amd64/app/teTeX/06.17/texmf-dist/tex/latex/base/t1enc.dfu)
(/hg/s/linux/rhel3_amd64/app/teTeX/06.17/texmf-dist/tex/latex/base/ot1enc.dfu)
(/hg/s/linux/rhel3_amd64/app/teTeX/06.17/texmf-dist/tex/latex/base/omsenc.dfu)
(/hg/s/linux/rhel3_amd64/app/teTeX/06.17/texmf-dist/tex/latex/base/ts1enc.dfu))
)
Writing index file Rd2.idx
(/tmp/RtmpxRU4dh/Rd2pdf75182507b565/Rd2.aux)
(/hg/s/linux/rhel3_amd64/app/teTeX/06.17/texmf-dist/tex/latex/base/ts1cmr.fd)
(/hg/s/linux/rhel3_amd64/app/teTeX/06.17/texmf-dist/tex/latex/psnfss/t1ptm.fd)
(/hg/s/linux/rhel3_amd64/app/teTeX/06.17/texmf-dist/tex/context/base/mkii/supp-
pdf.mkii
[Loading MPS to PDF converter (version 2006.09.02).]
)
(/hg/s/linux/rhel3_amd64/app/teTeX/06.17/texmf-dist/tex/latex/hyperref/nameref.
sty
(/hg/s/linux/rhel3_amd64/app/teTeX/06.17/texmf-dist/tex/generic/oberdiek/gettit
lestring.sty)) (/tmp/RtmpxRU4dh/Rd2pdf75182507b565/Rd2.out)
(/tmp/RtmpxRU4dh/Rd2pdf75182507b565/Rd2.out)
(/hg/s/linux/rhel3_amd64/app/teTeX/06.17/texmf-dist/tex/latex/base/utf8.def)
(/hg/s/linux/rhel3_amd64/app/teTeX/06.17/texmf-dist/tex/latex/inconsolata/t1zi4
.fd)
(/hg/s/linux/rhel3_amd64/app/teTeX/06.17/texmf-dist/tex/latex/psnfss/t1phv.fd)
(/tmp/RtmpxRU4dh/Rd2pdf75182507b565/Rd2.toc)
(/hg/s/linux/rhel3_amd64/app/teTeX/06.17/texmf-dist/tex/latex/base/utf8.def)
[1{/hg/s/linux/rhel3_amd64/app/teTeX/06.17/texmf-var/fonts/map/pdftex/updmap/pd
ftex.map}] [2]
(/hg/s/linux/rhel3_amd64/app/teTeX/06.17/texmf-dist/tex/latex/base/utf8.def)
Overfull \hbox (3.67877pt too wide) in paragraph at lines 116--120
[]\T1/ptm/m/n/10 From a list of char-ac-ter vec-tors, will ap-ply [][]\T1/zi4/m
/n/10 massbic[][][]\T1/ptm/m/n/10 , [][]\T1/zi4/m/n/10 massbicm[][][] \T1/ptm/m
/n/10 fol-lowed by [][]\T1/zi4/m/n/10 massplot[][][] \T1/ptm/m/n/10 and [][]\T1
/zi4/m/n/10 compplot[][][]\T1/ptm/m/n/10 .
[3] (/hg/s/linux/rhel3_amd64/app/teTeX/06.17/texmf-dist/tex/latex/base/utf8.def
) [4]
(/hg/s/linux/rhel3_amd64/app/teTeX/06.17/texmf-dist/tex/latex/base/utf8.def)
[5] (/hg/s/linux/rhel3_amd64/app/teTeX/06.17/texmf-dist/tex/latex/base/utf8.def
)
Overfull \hbox (8.21786pt too wide) in paragraph at lines 362--365
[][][]\T1/zi4/m/n/10 chol[][][]() \T1/ptm/m/n/10 in base \T1/phv/m/n/10 R\T1/pt
m/m/n/10 , or also a ``gen-er-al-ized LDL'' de-com-po-si-tion, the Bunch-Kaufma
n, [][]\T1/zi4/m/n/10 BunchKaufman[][][]()
[6]
(/hg/s/linux/rhel3_amd64/app/teTeX/06.17/texmf-dist/tex/latex/inconsolata/ts1zi
4.fd)
Underfull \vbox (badness 10000) has occurred while \output is active [7]
(/hg/s/linux/rhel3_amd64/app/teTeX/06.17/texmf-dist/tex/latex/base/utf8.def)
Underfull \hbox (badness 10000) in paragraph at lines 473--473
[]\T1/ptm/m/it/10 Log-Likelihood of Mul-ti-vari-ate Nor-mal Mix-ture Re-ly-ing 
on
[8] (/hg/s/linux/rhel3_amd64/app/teTeX/06.17/texmf-dist/tex/latex/base/utf8.def
) [9]
(/hg/s/linux/rhel3_amd64/app/teTeX/06.17/texmf-dist/tex/latex/base/utf8.def)
Overfull \hbox (9.51633pt too wide) in paragraph at lines 578--582
[]\T1/ptm/m/n/10 Nicolas Trut-mann con-structed mul-ti-vari-ate ver-sions from 
most of the uni-vari-ate (i.e., one-dimensional)
(/hg/s/linux/rhel3_amd64/app/teTeX/06.17/texmf-dist/tex/latex/base/utf8.def)
[10]
(/hg/s/linux/rhel3_amd64/app/teTeX/06.17/texmf-dist/tex/latex/base/utf8.def)
[11]
(/hg/s/linux/rhel3_amd64/app/teTeX/06.17/texmf-dist/tex/latex/base/utf8.def)
[12]
(/hg/s/linux/rhel3_amd64/app/teTeX/06.17/texmf-dist/tex/latex/base/utf8.def)
[13]
(/hg/s/linux/rhel3_amd64/app/teTeX/06.17/texmf-dist/tex/latex/base/utf8.def)
[14]
Overfull \hbox (22.09842pt too wide) in paragraph at lines 908--910
[]\T1/ptm/m/n/10 p-vector of mix-ture prob-a-bil-ity weights; non-negative, sum
-ming to one: \T1/zi4/m/n/10 sum(weight)
(/hg/s/linux/rhel3_amd64/app/teTeX/06.17/texmf-dist/tex/latex/base/utf8.def)
Overfull \hbox (0.65622pt too wide) in paragraph at lines 941--946
[]\T1/ptm/m/n/10 Direct Max-i-mum Like-li-hood Es-ti-ma-tion (MLE) for mul-ti-v
ari-ate nor-mal mix-ture mod-els \T1/zi4/m/n/10 "[][]norMmix[][][]"\T1/ptm/m/n/
10 .
[15]
Overfull \hbox (28.29951pt too wide) in paragraph at lines 980--982
[]\T1/ptm/m/n/10 arguments for tun-ing the op-ti-mizer [][]\T1/zi4/m/n/10 optim
[][][](*,method=method,control = list(...))\T1/ptm/m/n/10 . 

Overfull \hbox (5.25328pt too wide) in paragraph at lines 1020--1020
 []\T1/zi4/m/n/9 if(interactive()) ## Fitting "wrong" overparametrized model: t
ypically need more iterations:[] 

Overfull \hbox (3.72261pt too wide) in paragraph at lines 1021--1021
 []  \T1/zi4/m/n/9 fmW <- norMmixMLE(x, k = 7, model = "VVV", maxit = 200)# def
ault maxit=100 is often too small[] 
(/hg/s/linux/rhel3_amd64/app/teTeX/06.17/texmf-dist/tex/latex/base/utf8.def)
[16]
(/hg/s/linux/rhel3_amd64/app/teTeX/06.17/texmf-dist/tex/latex/base/utf8.def)
(/hg/s/linux/rhel3_amd64/app/teTeX/06.17/texmf-dist/tex/latex/base/utf8.def)
[17]
(/hg/s/linux/rhel3_amd64/app/teTeX/06.17/texmf-dist/tex/latex/base/utf8.def)
[18]
Overfull \hbox (2.19864pt too wide) in paragraph at lines 1164--1166
[]\T1/ptm/m/n/10 further ar-gu-ments to be passed to [][]\T1/zi4/m/n/10 plot[][
][] \T1/ptm/m/n/10 if plotbest=TRUE, and [][]\T1/zi4/m/n/10 matplot[][][] \T1/p
tm/m/n/10 if FALSE 
(/hg/s/linux/rhel3_amd64/app/teTeX/06.17/texmf-dist/tex/latex/base/utf8.def)
[19]
(/hg/s/linux/rhel3_amd64/app/teTeX/06.17/texmf-dist/tex/latex/base/utf8.def)
(/hg/s/linux/rhel3_amd64/app/teTeX/06.17/texmf-dist/tex/latex/base/utf8.def)
[20]
Overfull \hbox (8.8184pt too wide) in paragraph at lines 1270--1272
[]\T1/ptm/m/n/10 a [][]\T1/zi4/m/n/10 character[][][] \T1/ptm/m/n/10 string spe
c-i-fy-ing the trans-form to use for the weights, see [][]\T1/zi4/m/n/10 llnorM
mix[][][]\T1/ptm/m/n/10 . 
No file Rd2.ind.
[21] (/tmp/RtmpxRU4dh/Rd2pdf75182507b565/Rd2.aux) )
(see the transcript file for additional information)pdfTeX warning (dest): name
{Rfn.rmultinom} has been referenced but does not exist, replaced by a fixed one


pdfTeX warning (dest): name{Rfn.points} has been referenced but does not exist,
 replaced by a fixed one

pdfTeX warning (dest): name{Rfn.BIC} has been referenced but does not exist, re
placed by a fixed one

pdfTeX warning (dest): name{Rfn.matplot} has been referenced but does not exist
, replaced by a fixed one

pdfTeX warning (dest): name{Rfn.plot} has been referenced but does not exist, r
eplaced by a fixed one

pdfTeX warning (dest): name{Rfn.length} has been referenced but does not exist,
 replaced by a fixed one

pdfTeX warning (dest): name{Rfn.class} has been referenced but does not exist, 
replaced by a fixed one

pdfTeX warning (dest): name{Rfn.ncol} has been referenced but does not exist, r
eplaced by a fixed one

pdfTeX warning (dest): name{Rfn.nrow} has been referenced but does not exist, r
eplaced by a fixed one

pdfTeX warning (dest): name{Rfn.optim} has been referenced but does not exist, 
replaced by a fixed one

pdfTeX warning (dest): name{Rfn.clara} has been referenced but does not exist, 
replaced by a fixed one

pdfTeX warning (dest): name{Rfn.function} has been referenced but does not exis
t, replaced by a fixed one

pdfTeX warning (dest): name{Rfn.Mclust} has been referenced but does not exist,
 replaced by a fixed one

pdfTeX warning (dest): name{Rfn.matrix} has been referenced but does not exist,
 replaced by a fixed one

pdfTeX warning (dest): name{Rfn.dmvnorm} has been referenced but does not exist
, replaced by a fixed one

pdfTeX warning (dest): name{Rfn.BunchKaufman} has been referenced but does not 
exist, replaced by a fixed one

pdfTeX warning (dest): name{Rfn.chol} has been referenced but does not exist, r
eplaced by a fixed one

pdfTeX warning (dest): name{Rfn.character} has been referenced but does not exi
st, replaced by a fixed one

pdfTeX warning (dest): name{Rfn.system.time} has been referenced but does not e
xist, replaced by a fixed one

pdfTeX warning (dest): name{Rfn.files} has been referenced but does not exist, 
replaced by a fixed one

pdfTeX warning (dest): name{Rfn.saveRDS} has been referenced but does not exist
, replaced by a fixed one

pdfTeX warning (dest): name{Rfn.list} has been referenced but does not exist, r
eplaced by a fixed one

{/hg/s/linux/rhel3_amd64/app/teTeX/06.17/texmf-dist/fonts/enc/dvips/inconsolata
/i4-ts1.enc}{/hg/s/linux/rhel3_amd64/app/teTeX/06.17/texmf-dist/fonts/enc/dvips
/base/8r.enc}{/hg/s/linux/rhel3_amd64/app/teTeX/06.17/texmf-dist/fonts/enc/dvip
s/inconsolata/i4-t1-0.enc}</hg/s/linux/rhel3_amd64/app/teTeX/06.17/texmf-dist/f
onts/type1/public/inconsolata/Inconsolata-zi4r.pfb></hg/s/linux/rhel3_amd64/app
/teTeX/06.17/texmf-dist/fonts/type1/public/amsfonts/cm/cmmi10.pfb></hg/s/linux/
rhel3_amd64/app/teTeX/06.17/texmf-dist/fonts/type1/public/amsfonts/cm/cmmi7.pfb
></hg/s/linux/rhel3_amd64/app/teTeX/06.17/texmf-dist/fonts/type1/public/amsfont
s/cm/cmr10.pfb></hg/s/linux/rhel3_amd64/app/teTeX/06.17/texmf-dist/fonts/type1/
public/amsfonts/cm/cmr7.pfb></hg/s/linux/rhel3_amd64/app/teTeX/06.17/texmf-dist
/fonts/type1/public/amsfonts/cm/cmsy10.pfb></hg/s/linux/rhel3_amd64/app/teTeX/0
6.17/texmf-dist/fonts/type1/public/amsfonts/cm/cmsy7.pfb></hg/s/linux/rhel3_amd
64/app/teTeX/06.17/texmf-dist/fonts/type1/urw/helvetic/uhvr8a.pfb></hg/s/linux/
rhel3_amd64/app/teTeX/06.17/texmf-dist/fonts/type1/urw/times/utmb8a.pfb></hg/s/
linux/rhel3_amd64/app/teTeX/06.17/texmf-dist/fonts/type1/urw/times/utmr8a.pfb><
/hg/s/linux/rhel3_amd64/app/teTeX/06.17/texmf-dist/fonts/type1/urw/times/utmr8a
.pfb></hg/s/linux/rhel3_amd64/app/teTeX/06.17/texmf-dist/fonts/type1/urw/times/
utmri8a.pfb>
Output written on Rd2.pdf (21 pages, 179048 bytes).
Transcript written on Rd2.log.
This is makeindex, version 2.15 [TeX Live 2017] (kpathsea + Thai support).
Scanning input file Rd2.idx....done (164 entries accepted, 0 rejected).
Sorting entries....done (1268 comparisons).
Generating output file Rd2.ind....done (164 lines written, 5 warnings).
Output written in Rd2.ind.
Transcript written in Rd2.ilg.
This is pdfTeX, Version 3.14159265-2.6-1.40.18 (TeX Live 2017) (preloaded format=pdflatex)
 restricted \write18 enabled.
entering extended mode
LaTeX2e <2017-04-15>
Babel <3.10> and hyphenation patterns for 84 language(s) loaded.
(./Rd2.tex
(/hg/s/linux/rhel3_amd64/app/teTeX/06.17/texmf-dist/tex/latex/base/book.cls
Document Class: book 2014/09/29 v1.4h Standard LaTeX document class
(/hg/s/linux/rhel3_amd64/app/teTeX/06.17/texmf-dist/tex/latex/base/bk10.clo))
(/u/sfs/tex/tex/latex/Rd.sty
(/hg/s/linux/rhel3_amd64/app/teTeX/06.17/texmf-dist/tex/latex/base/ifthen.sty)
(/hg/s/linux/rhel3_amd64/app/teTeX/06.17/texmf-dist/tex/latex/tools/longtable.s
ty) (/hg/s/linux/rhel3_amd64/app/teTeX/06.17/texmf-dist/tex/latex/tools/bm.sty)
 (/hg/s/linux/rhel3_amd64/app/teTeX/06.17/texmf-dist/tex/latex/base/alltt.sty)
(/hg/s/linux/rhel3_amd64/app/teTeX/06.17/texmf-dist/tex/latex/tools/verbatim.st
y) (/hg/s/linux/rhel3_amd64/app/teTeX/06.17/texmf-dist/tex/latex/url/url.sty)
(/hg/s/linux/rhel3_amd64/app/teTeX/06.17/texmf-dist/tex/latex/base/textcomp.sty
(/hg/s/linux/rhel3_amd64/app/teTeX/06.17/texmf-dist/tex/latex/base/ts1enc.def))
(/hg/s/linux/rhel3_amd64/app/teTeX/06.17/texmf-dist/tex/latex/base/fontenc.sty
(/hg/s/linux/rhel3_amd64/app/teTeX/06.17/texmf-dist/tex/latex/base/t1enc.def))
(/hg/s/linux/rhel3_amd64/app/teTeX/06.17/texmf-dist/tex/latex/psnfss/times.sty)

(/hg/s/linux/rhel3_amd64/app/teTeX/06.17/texmf-dist/tex/latex/inconsolata/zi4.s
ty `inconsolata-zi4' v1.112, 2017/01/04 Text macros for Inconsolata (msharpe)
(/hg/s/linux/rhel3_amd64/app/teTeX/06.17/texmf-dist/tex/latex/xkeyval/xkeyval.s
ty
(/hg/s/linux/rhel3_amd64/app/teTeX/06.17/texmf-dist/tex/generic/xkeyval/xkeyval
.tex
(/hg/s/linux/rhel3_amd64/app/teTeX/06.17/texmf-dist/tex/generic/xkeyval/xkvutil
s.tex
(/hg/s/linux/rhel3_amd64/app/teTeX/06.17/texmf-dist/tex/generic/xkeyval/keyval.
tex)))))
(/hg/s/linux/rhel3_amd64/app/teTeX/06.17/texmf-dist/tex/latex/graphics/color.st
y
(/hg/s/linux/rhel3_amd64/app/teTeX/06.17/texmf-dist/tex/latex/graphics-cfg/colo
r.cfg)
(/hg/s/linux/rhel3_amd64/app/teTeX/06.17/texmf-dist/tex/latex/graphics-def/pdft
ex.def))
(/hg/s/linux/rhel3_amd64/app/teTeX/06.17/texmf-dist/tex/latex/hyperref/hyperref
.sty
(/hg/s/linux/rhel3_amd64/app/teTeX/06.17/texmf-dist/tex/generic/oberdiek/hobsub
-hyperref.sty
(/hg/s/linux/rhel3_amd64/app/teTeX/06.17/texmf-dist/tex/generic/oberdiek/hobsub
-generic.sty))
(/hg/s/linux/rhel3_amd64/app/teTeX/06.17/texmf-dist/tex/generic/ifxetex/ifxetex
.sty)
(/hg/s/linux/rhel3_amd64/app/teTeX/06.17/texmf-dist/tex/latex/oberdiek/auxhook.
sty)
(/hg/s/linux/rhel3_amd64/app/teTeX/06.17/texmf-dist/tex/latex/oberdiek/kvoption
s.sty)
(/hg/s/linux/rhel3_amd64/app/teTeX/06.17/texmf-dist/tex/latex/hyperref/pd1enc.d
ef)
(/hg/s/linux/rhel3_amd64/app/teTeX/06.17/texmf-dist/tex/latex/latexconfig/hyper
ref.cfg))

Package hyperref Message: Driver (autodetected): hpdftex.


(/hg/s/linux/rhel3_amd64/app/teTeX/06.17/texmf-dist/tex/latex/hyperref/hpdftex.
def
(/hg/s/linux/rhel3_amd64/app/teTeX/06.17/texmf-dist/tex/latex/oberdiek/rerunfil
echeck.sty))

Package hyperref Warning: Option `hyperindex' has already been used,
(hyperref)                setting the option has no effect on input line 377.


Package hyperref Warning: Option `pagebackref' has already been used,
(hyperref)                setting the option has no effect on input line 377.

)
(/hg/s/linux/rhel3_amd64/app/teTeX/06.17/texmf-dist/tex/latex/base/makeidx.sty)

(/hg/s/linux/rhel3_amd64/app/teTeX/06.17/texmf-dist/tex/latex/base/inputenc.sty
(/hg/s/linux/rhel3_amd64/app/teTeX/06.17/texmf-dist/tex/latex/base/utf8.def
(/hg/s/linux/rhel3_amd64/app/teTeX/06.17/texmf-dist/tex/latex/base/t1enc.dfu)
(/hg/s/linux/rhel3_amd64/app/teTeX/06.17/texmf-dist/tex/latex/base/ot1enc.dfu)
(/hg/s/linux/rhel3_amd64/app/teTeX/06.17/texmf-dist/tex/latex/base/omsenc.dfu)
(/hg/s/linux/rhel3_amd64/app/teTeX/06.17/texmf-dist/tex/latex/base/ts1enc.dfu))
)
Writing index file Rd2.idx
(/tmp/RtmpxRU4dh/Rd2pdf75182507b565/Rd2.aux)
(/hg/s/linux/rhel3_amd64/app/teTeX/06.17/texmf-dist/tex/latex/base/ts1cmr.fd)
(/hg/s/linux/rhel3_amd64/app/teTeX/06.17/texmf-dist/tex/latex/psnfss/t1ptm.fd)
(/hg/s/linux/rhel3_amd64/app/teTeX/06.17/texmf-dist/tex/context/base/mkii/supp-
pdf.mkii
[Loading MPS to PDF converter (version 2006.09.02).]
)
(/hg/s/linux/rhel3_amd64/app/teTeX/06.17/texmf-dist/tex/latex/hyperref/nameref.
sty
(/hg/s/linux/rhel3_amd64/app/teTeX/06.17/texmf-dist/tex/generic/oberdiek/gettit
lestring.sty)) (/tmp/RtmpxRU4dh/Rd2pdf75182507b565/Rd2.out)
(/tmp/RtmpxRU4dh/Rd2pdf75182507b565/Rd2.out)
(/hg/s/linux/rhel3_amd64/app/teTeX/06.17/texmf-dist/tex/latex/base/utf8.def)
(/hg/s/linux/rhel3_amd64/app/teTeX/06.17/texmf-dist/tex/latex/inconsolata/t1zi4
.fd)
(/hg/s/linux/rhel3_amd64/app/teTeX/06.17/texmf-dist/tex/latex/psnfss/t1phv.fd)
(/tmp/RtmpxRU4dh/Rd2pdf75182507b565/Rd2.toc)
(/hg/s/linux/rhel3_amd64/app/teTeX/06.17/texmf-dist/tex/latex/base/utf8.def)
[1{/hg/s/linux/rhel3_amd64/app/teTeX/06.17/texmf-var/fonts/map/pdftex/updmap/pd
ftex.map}] [2]
(/hg/s/linux/rhel3_amd64/app/teTeX/06.17/texmf-dist/tex/latex/base/utf8.def)
Overfull \hbox (3.67877pt too wide) in paragraph at lines 116--120
[]\T1/ptm/m/n/10 From a list of char-ac-ter vec-tors, will ap-ply [][]\T1/zi4/m
/n/10 massbic[][][]\T1/ptm/m/n/10 , [][]\T1/zi4/m/n/10 massbicm[][][] \T1/ptm/m
/n/10 fol-lowed by [][]\T1/zi4/m/n/10 massplot[][][] \T1/ptm/m/n/10 and [][]\T1
/zi4/m/n/10 compplot[][][]\T1/ptm/m/n/10 .
[3] (/hg/s/linux/rhel3_amd64/app/teTeX/06.17/texmf-dist/tex/latex/base/utf8.def
) [4]
(/hg/s/linux/rhel3_amd64/app/teTeX/06.17/texmf-dist/tex/latex/base/utf8.def)
[5] (/hg/s/linux/rhel3_amd64/app/teTeX/06.17/texmf-dist/tex/latex/base/utf8.def
)
Overfull \hbox (8.21786pt too wide) in paragraph at lines 362--365
[][][]\T1/zi4/m/n/10 chol[][][]() \T1/ptm/m/n/10 in base \T1/phv/m/n/10 R\T1/pt
m/m/n/10 , or also a ``gen-er-al-ized LDL'' de-com-po-si-tion, the Bunch-Kaufma
n, [][]\T1/zi4/m/n/10 BunchKaufman[][][]()
[6]
(/hg/s/linux/rhel3_amd64/app/teTeX/06.17/texmf-dist/tex/latex/inconsolata/ts1zi
4.fd)
Underfull \vbox (badness 10000) has occurred while \output is active [7]
(/hg/s/linux/rhel3_amd64/app/teTeX/06.17/texmf-dist/tex/latex/base/utf8.def)
Underfull \hbox (badness 10000) in paragraph at lines 473--473
[]\T1/ptm/m/it/10 Log-Likelihood of Mul-ti-vari-ate Nor-mal Mix-ture Re-ly-ing 
on
[8] (/hg/s/linux/rhel3_amd64/app/teTeX/06.17/texmf-dist/tex/latex/base/utf8.def
) [9]
(/hg/s/linux/rhel3_amd64/app/teTeX/06.17/texmf-dist/tex/latex/base/utf8.def)
Overfull \hbox (9.51633pt too wide) in paragraph at lines 578--582
[]\T1/ptm/m/n/10 Nicolas Trut-mann con-structed mul-ti-vari-ate ver-sions from 
most of the uni-vari-ate (i.e., one-dimensional)
(/hg/s/linux/rhel3_amd64/app/teTeX/06.17/texmf-dist/tex/latex/base/utf8.def)
[10]
(/hg/s/linux/rhel3_amd64/app/teTeX/06.17/texmf-dist/tex/latex/base/utf8.def)
[11]
(/hg/s/linux/rhel3_amd64/app/teTeX/06.17/texmf-dist/tex/latex/base/utf8.def)
[12]
(/hg/s/linux/rhel3_amd64/app/teTeX/06.17/texmf-dist/tex/latex/base/utf8.def)
[13]
(/hg/s/linux/rhel3_amd64/app/teTeX/06.17/texmf-dist/tex/latex/base/utf8.def)
[14]
Overfull \hbox (22.09842pt too wide) in paragraph at lines 908--910
[]\T1/ptm/m/n/10 p-vector of mix-ture prob-a-bil-ity weights; non-negative, sum
-ming to one: \T1/zi4/m/n/10 sum(weight)
(/hg/s/linux/rhel3_amd64/app/teTeX/06.17/texmf-dist/tex/latex/base/utf8.def)
Overfull \hbox (0.65622pt too wide) in paragraph at lines 941--946
[]\T1/ptm/m/n/10 Direct Max-i-mum Like-li-hood Es-ti-ma-tion (MLE) for mul-ti-v
ari-ate nor-mal mix-ture mod-els \T1/zi4/m/n/10 "[][]norMmix[][][]"\T1/ptm/m/n/
10 .
[15]
Overfull \hbox (28.29951pt too wide) in paragraph at lines 980--982
[]\T1/ptm/m/n/10 arguments for tun-ing the op-ti-mizer [][]\T1/zi4/m/n/10 optim
[][][](*,method=method,control = list(...))\T1/ptm/m/n/10 . 

Overfull \hbox (5.25328pt too wide) in paragraph at lines 1020--1020
 []\T1/zi4/m/n/9 if(interactive()) ## Fitting "wrong" overparametrized model: t
ypically need more iterations:[] 

Overfull \hbox (3.72261pt too wide) in paragraph at lines 1021--1021
 []  \T1/zi4/m/n/9 fmW <- norMmixMLE(x, k = 7, model = "VVV", maxit = 200)# def
ault maxit=100 is often too small[] 
(/hg/s/linux/rhel3_amd64/app/teTeX/06.17/texmf-dist/tex/latex/base/utf8.def)
[16]
(/hg/s/linux/rhel3_amd64/app/teTeX/06.17/texmf-dist/tex/latex/base/utf8.def)
(/hg/s/linux/rhel3_amd64/app/teTeX/06.17/texmf-dist/tex/latex/base/utf8.def)
[17]
(/hg/s/linux/rhel3_amd64/app/teTeX/06.17/texmf-dist/tex/latex/base/utf8.def)
[18]
Overfull \hbox (2.19864pt too wide) in paragraph at lines 1164--1166
[]\T1/ptm/m/n/10 further ar-gu-ments to be passed to [][]\T1/zi4/m/n/10 plot[][
][] \T1/ptm/m/n/10 if plotbest=TRUE, and [][]\T1/zi4/m/n/10 matplot[][][] \T1/p
tm/m/n/10 if FALSE 
(/hg/s/linux/rhel3_amd64/app/teTeX/06.17/texmf-dist/tex/latex/base/utf8.def)
[19]
(/hg/s/linux/rhel3_amd64/app/teTeX/06.17/texmf-dist/tex/latex/base/utf8.def)
(/hg/s/linux/rhel3_amd64/app/teTeX/06.17/texmf-dist/tex/latex/base/utf8.def)
[20]
Overfull \hbox (8.8184pt too wide) in paragraph at lines 1270--1272
[]\T1/ptm/m/n/10 a [][]\T1/zi4/m/n/10 character[][][] \T1/ptm/m/n/10 string spe
c-i-fy-ing the trans-form to use for the weights, see [][]\T1/zi4/m/n/10 llnorM
mix[][][]\T1/ptm/m/n/10 . 
(/tmp/RtmpxRU4dh/Rd2pdf75182507b565/Rd2.ind [21]

LaTeX Font Warning: Font shape `T1/zi4/m/it' undefined
(Font)              using `T1/zi4/m/n' instead on input line 80.

[22]) (/tmp/RtmpxRU4dh/Rd2pdf75182507b565/Rd2.aux)

Package rerunfilecheck Warning: File `Rd2.out' has changed.
(rerunfilecheck)                Rerun to get outlines right
(rerunfilecheck)                or use package `bookmark'.


LaTeX Font Warning: Some font shapes were not available, defaults substituted.

 )
(see the transcript file for additional information)pdfTeX warning (dest): name
{Rfn.rmultinom} has been referenced but does not exist, replaced by a fixed one


pdfTeX warning (dest): name{Rfn.points} has been referenced but does not exist,
 replaced by a fixed one

pdfTeX warning (dest): name{Rfn.BIC} has been referenced but does not exist, re
placed by a fixed one

pdfTeX warning (dest): name{Rfn.matplot} has been referenced but does not exist
, replaced by a fixed one

pdfTeX warning (dest): name{Rfn.plot} has been referenced but does not exist, r
eplaced by a fixed one

pdfTeX warning (dest): name{Rfn.length} has been referenced but does not exist,
 replaced by a fixed one

pdfTeX warning (dest): name{Rfn.class} has been referenced but does not exist, 
replaced by a fixed one

pdfTeX warning (dest): name{Rfn.ncol} has been referenced but does not exist, r
eplaced by a fixed one

pdfTeX warning (dest): name{Rfn.nrow} has been referenced but does not exist, r
eplaced by a fixed one

pdfTeX warning (dest): name{Rfn.optim} has been referenced but does not exist, 
replaced by a fixed one

pdfTeX warning (dest): name{Rfn.clara} has been referenced but does not exist, 
replaced by a fixed one

pdfTeX warning (dest): name{Rfn.function} has been referenced but does not exis
t, replaced by a fixed one

pdfTeX warning (dest): name{Rfn.Mclust} has been referenced but does not exist,
 replaced by a fixed one

pdfTeX warning (dest): name{Rfn.matrix} has been referenced but does not exist,
 replaced by a fixed one

pdfTeX warning (dest): name{Rfn.dmvnorm} has been referenced but does not exist
, replaced by a fixed one

pdfTeX warning (dest): name{Rfn.BunchKaufman} has been referenced but does not 
exist, replaced by a fixed one

pdfTeX warning (dest): name{Rfn.chol} has been referenced but does not exist, r
eplaced by a fixed one

pdfTeX warning (dest): name{Rfn.character} has been referenced but does not exi
st, replaced by a fixed one

pdfTeX warning (dest): name{Rfn.system.time} has been referenced but does not e
xist, replaced by a fixed one

pdfTeX warning (dest): name{Rfn.files} has been referenced but does not exist, 
replaced by a fixed one

pdfTeX warning (dest): name{Rfn.saveRDS} has been referenced but does not exist
, replaced by a fixed one

pdfTeX warning (dest): name{Rfn.list} has been referenced but does not exist, r
eplaced by a fixed one

{/hg/s/linux/rhel3_amd64/app/teTeX/06.17/texmf-dist/fonts/enc/dvips/inconsolata
/i4-ts1.enc}{/hg/s/linux/rhel3_amd64/app/teTeX/06.17/texmf-dist/fonts/enc/dvips
/base/8r.enc}{/hg/s/linux/rhel3_amd64/app/teTeX/06.17/texmf-dist/fonts/enc/dvip
s/inconsolata/i4-t1-0.enc}</hg/s/linux/rhel3_amd64/app/teTeX/06.17/texmf-dist/f
onts/type1/public/inconsolata/Inconsolata-zi4r.pfb></hg/s/linux/rhel3_amd64/app
/teTeX/06.17/texmf-dist/fonts/type1/public/amsfonts/cm/cmmi10.pfb></hg/s/linux/
rhel3_amd64/app/teTeX/06.17/texmf-dist/fonts/type1/public/amsfonts/cm/cmmi7.pfb
></hg/s/linux/rhel3_amd64/app/teTeX/06.17/texmf-dist/fonts/type1/public/amsfont
s/cm/cmr10.pfb></hg/s/linux/rhel3_amd64/app/teTeX/06.17/texmf-dist/fonts/type1/
public/amsfonts/cm/cmr7.pfb></hg/s/linux/rhel3_amd64/app/teTeX/06.17/texmf-dist
/fonts/type1/public/amsfonts/cm/cmsy10.pfb></hg/s/linux/rhel3_amd64/app/teTeX/0
6.17/texmf-dist/fonts/type1/public/amsfonts/cm/cmsy7.pfb></hg/s/linux/rhel3_amd
64/app/teTeX/06.17/texmf-dist/fonts/type1/urw/helvetic/uhvr8a.pfb></hg/s/linux/
rhel3_amd64/app/teTeX/06.17/texmf-dist/fonts/type1/urw/times/utmb8a.pfb></hg/s/
linux/rhel3_amd64/app/teTeX/06.17/texmf-dist/fonts/type1/urw/times/utmr8a.pfb><
/hg/s/linux/rhel3_amd64/app/teTeX/06.17/texmf-dist/fonts/type1/urw/times/utmr8a
.pfb></hg/s/linux/rhel3_amd64/app/teTeX/06.17/texmf-dist/fonts/type1/urw/times/
utmri8a.pfb>
Output written on Rd2.pdf (22 pages, 186871 bytes).
Transcript written on Rd2.log.
This is makeindex, version 2.15 [TeX Live 2017] (kpathsea + Thai support).
Scanning input file Rd2.idx....done (164 entries accepted, 0 rejected).
Sorting entries....done (1268 comparisons).
Generating output file Rd2.ind....done (164 lines written, 5 warnings).
Output written in Rd2.ind.
Transcript written in Rd2.ilg.
This is pdfTeX, Version 3.14159265-2.6-1.40.18 (TeX Live 2017) (preloaded format=pdflatex)
 restricted \write18 enabled.
entering extended mode
LaTeX2e <2017-04-15>
Babel <3.10> and hyphenation patterns for 84 language(s) loaded.
(./Rd2.tex
(/hg/s/linux/rhel3_amd64/app/teTeX/06.17/texmf-dist/tex/latex/base/book.cls
Document Class: book 2014/09/29 v1.4h Standard LaTeX document class
(/hg/s/linux/rhel3_amd64/app/teTeX/06.17/texmf-dist/tex/latex/base/bk10.clo))
(/u/sfs/tex/tex/latex/Rd.sty
(/hg/s/linux/rhel3_amd64/app/teTeX/06.17/texmf-dist/tex/latex/base/ifthen.sty)
(/hg/s/linux/rhel3_amd64/app/teTeX/06.17/texmf-dist/tex/latex/tools/longtable.s
ty) (/hg/s/linux/rhel3_amd64/app/teTeX/06.17/texmf-dist/tex/latex/tools/bm.sty)
 (/hg/s/linux/rhel3_amd64/app/teTeX/06.17/texmf-dist/tex/latex/base/alltt.sty)
(/hg/s/linux/rhel3_amd64/app/teTeX/06.17/texmf-dist/tex/latex/tools/verbatim.st
y) (/hg/s/linux/rhel3_amd64/app/teTeX/06.17/texmf-dist/tex/latex/url/url.sty)
(/hg/s/linux/rhel3_amd64/app/teTeX/06.17/texmf-dist/tex/latex/base/textcomp.sty
(/hg/s/linux/rhel3_amd64/app/teTeX/06.17/texmf-dist/tex/latex/base/ts1enc.def))
(/hg/s/linux/rhel3_amd64/app/teTeX/06.17/texmf-dist/tex/latex/base/fontenc.sty
(/hg/s/linux/rhel3_amd64/app/teTeX/06.17/texmf-dist/tex/latex/base/t1enc.def))
(/hg/s/linux/rhel3_amd64/app/teTeX/06.17/texmf-dist/tex/latex/psnfss/times.sty)

(/hg/s/linux/rhel3_amd64/app/teTeX/06.17/texmf-dist/tex/latex/inconsolata/zi4.s
ty `inconsolata-zi4' v1.112, 2017/01/04 Text macros for Inconsolata (msharpe)
(/hg/s/linux/rhel3_amd64/app/teTeX/06.17/texmf-dist/tex/latex/xkeyval/xkeyval.s
ty
(/hg/s/linux/rhel3_amd64/app/teTeX/06.17/texmf-dist/tex/generic/xkeyval/xkeyval
.tex
(/hg/s/linux/rhel3_amd64/app/teTeX/06.17/texmf-dist/tex/generic/xkeyval/xkvutil
s.tex
(/hg/s/linux/rhel3_amd64/app/teTeX/06.17/texmf-dist/tex/generic/xkeyval/keyval.
tex)))))
(/hg/s/linux/rhel3_amd64/app/teTeX/06.17/texmf-dist/tex/latex/graphics/color.st
y
(/hg/s/linux/rhel3_amd64/app/teTeX/06.17/texmf-dist/tex/latex/graphics-cfg/colo
r.cfg)
(/hg/s/linux/rhel3_amd64/app/teTeX/06.17/texmf-dist/tex/latex/graphics-def/pdft
ex.def))
(/hg/s/linux/rhel3_amd64/app/teTeX/06.17/texmf-dist/tex/latex/hyperref/hyperref
.sty
(/hg/s/linux/rhel3_amd64/app/teTeX/06.17/texmf-dist/tex/generic/oberdiek/hobsub
-hyperref.sty
(/hg/s/linux/rhel3_amd64/app/teTeX/06.17/texmf-dist/tex/generic/oberdiek/hobsub
-generic.sty))
(/hg/s/linux/rhel3_amd64/app/teTeX/06.17/texmf-dist/tex/generic/ifxetex/ifxetex
.sty)
(/hg/s/linux/rhel3_amd64/app/teTeX/06.17/texmf-dist/tex/latex/oberdiek/auxhook.
sty)
(/hg/s/linux/rhel3_amd64/app/teTeX/06.17/texmf-dist/tex/latex/oberdiek/kvoption
s.sty)
(/hg/s/linux/rhel3_amd64/app/teTeX/06.17/texmf-dist/tex/latex/hyperref/pd1enc.d
ef)
(/hg/s/linux/rhel3_amd64/app/teTeX/06.17/texmf-dist/tex/latex/latexconfig/hyper
ref.cfg))

Package hyperref Message: Driver (autodetected): hpdftex.


(/hg/s/linux/rhel3_amd64/app/teTeX/06.17/texmf-dist/tex/latex/hyperref/hpdftex.
def
(/hg/s/linux/rhel3_amd64/app/teTeX/06.17/texmf-dist/tex/latex/oberdiek/rerunfil
echeck.sty))

Package hyperref Warning: Option `hyperindex' has already been used,
(hyperref)                setting the option has no effect on input line 377.


Package hyperref Warning: Option `pagebackref' has already been used,
(hyperref)                setting the option has no effect on input line 377.

)
(/hg/s/linux/rhel3_amd64/app/teTeX/06.17/texmf-dist/tex/latex/base/makeidx.sty)

(/hg/s/linux/rhel3_amd64/app/teTeX/06.17/texmf-dist/tex/latex/base/inputenc.sty
(/hg/s/linux/rhel3_amd64/app/teTeX/06.17/texmf-dist/tex/latex/base/utf8.def
(/hg/s/linux/rhel3_amd64/app/teTeX/06.17/texmf-dist/tex/latex/base/t1enc.dfu)
(/hg/s/linux/rhel3_amd64/app/teTeX/06.17/texmf-dist/tex/latex/base/ot1enc.dfu)
(/hg/s/linux/rhel3_amd64/app/teTeX/06.17/texmf-dist/tex/latex/base/omsenc.dfu)
(/hg/s/linux/rhel3_amd64/app/teTeX/06.17/texmf-dist/tex/latex/base/ts1enc.dfu))
)
Writing index file Rd2.idx
(/tmp/RtmpxRU4dh/Rd2pdf75182507b565/Rd2.aux)
(/hg/s/linux/rhel3_amd64/app/teTeX/06.17/texmf-dist/tex/latex/base/ts1cmr.fd)
(/hg/s/linux/rhel3_amd64/app/teTeX/06.17/texmf-dist/tex/latex/psnfss/t1ptm.fd)
(/hg/s/linux/rhel3_amd64/app/teTeX/06.17/texmf-dist/tex/context/base/mkii/supp-
pdf.mkii
[Loading MPS to PDF converter (version 2006.09.02).]
)
(/hg/s/linux/rhel3_amd64/app/teTeX/06.17/texmf-dist/tex/latex/hyperref/nameref.
sty
(/hg/s/linux/rhel3_amd64/app/teTeX/06.17/texmf-dist/tex/generic/oberdiek/gettit
lestring.sty)) (/tmp/RtmpxRU4dh/Rd2pdf75182507b565/Rd2.out)
(/tmp/RtmpxRU4dh/Rd2pdf75182507b565/Rd2.out)
(/hg/s/linux/rhel3_amd64/app/teTeX/06.17/texmf-dist/tex/latex/base/utf8.def)
(/hg/s/linux/rhel3_amd64/app/teTeX/06.17/texmf-dist/tex/latex/inconsolata/t1zi4
.fd)
(/hg/s/linux/rhel3_amd64/app/teTeX/06.17/texmf-dist/tex/latex/psnfss/t1phv.fd)
(/tmp/RtmpxRU4dh/Rd2pdf75182507b565/Rd2.toc)
(/hg/s/linux/rhel3_amd64/app/teTeX/06.17/texmf-dist/tex/latex/base/utf8.def)
[1{/hg/s/linux/rhel3_amd64/app/teTeX/06.17/texmf-var/fonts/map/pdftex/updmap/pd
ftex.map}] [2]
(/hg/s/linux/rhel3_amd64/app/teTeX/06.17/texmf-dist/tex/latex/base/utf8.def)
Overfull \hbox (3.67877pt too wide) in paragraph at lines 116--120
[]\T1/ptm/m/n/10 From a list of char-ac-ter vec-tors, will ap-ply [][]\T1/zi4/m
/n/10 massbic[][][]\T1/ptm/m/n/10 , [][]\T1/zi4/m/n/10 massbicm[][][] \T1/ptm/m
/n/10 fol-lowed by [][]\T1/zi4/m/n/10 massplot[][][] \T1/ptm/m/n/10 and [][]\T1
/zi4/m/n/10 compplot[][][]\T1/ptm/m/n/10 .
[3] (/hg/s/linux/rhel3_amd64/app/teTeX/06.17/texmf-dist/tex/latex/base/utf8.def
) [4]
(/hg/s/linux/rhel3_amd64/app/teTeX/06.17/texmf-dist/tex/latex/base/utf8.def)
[5] (/hg/s/linux/rhel3_amd64/app/teTeX/06.17/texmf-dist/tex/latex/base/utf8.def
)
Overfull \hbox (8.21786pt too wide) in paragraph at lines 362--365
[][][]\T1/zi4/m/n/10 chol[][][]() \T1/ptm/m/n/10 in base \T1/phv/m/n/10 R\T1/pt
m/m/n/10 , or also a ``gen-er-al-ized LDL'' de-com-po-si-tion, the Bunch-Kaufma
n, [][]\T1/zi4/m/n/10 BunchKaufman[][][]()
[6]
(/hg/s/linux/rhel3_amd64/app/teTeX/06.17/texmf-dist/tex/latex/inconsolata/ts1zi
4.fd)
Underfull \vbox (badness 10000) has occurred while \output is active [7]
(/hg/s/linux/rhel3_amd64/app/teTeX/06.17/texmf-dist/tex/latex/base/utf8.def)
Underfull \hbox (badness 10000) in paragraph at lines 473--473
[]\T1/ptm/m/it/10 Log-Likelihood of Mul-ti-vari-ate Nor-mal Mix-ture Re-ly-ing 
on
[8] (/hg/s/linux/rhel3_amd64/app/teTeX/06.17/texmf-dist/tex/latex/base/utf8.def
) [9]
(/hg/s/linux/rhel3_amd64/app/teTeX/06.17/texmf-dist/tex/latex/base/utf8.def)
Overfull \hbox (9.51633pt too wide) in paragraph at lines 578--582
[]\T1/ptm/m/n/10 Nicolas Trut-mann con-structed mul-ti-vari-ate ver-sions from 
most of the uni-vari-ate (i.e., one-dimensional)
(/hg/s/linux/rhel3_amd64/app/teTeX/06.17/texmf-dist/tex/latex/base/utf8.def)
[10]
(/hg/s/linux/rhel3_amd64/app/teTeX/06.17/texmf-dist/tex/latex/base/utf8.def)
[11]
(/hg/s/linux/rhel3_amd64/app/teTeX/06.17/texmf-dist/tex/latex/base/utf8.def)
[12]
(/hg/s/linux/rhel3_amd64/app/teTeX/06.17/texmf-dist/tex/latex/base/utf8.def)
[13]
(/hg/s/linux/rhel3_amd64/app/teTeX/06.17/texmf-dist/tex/latex/base/utf8.def)
[14]
Overfull \hbox (22.09842pt too wide) in paragraph at lines 908--910
[]\T1/ptm/m/n/10 p-vector of mix-ture prob-a-bil-ity weights; non-negative, sum
-ming to one: \T1/zi4/m/n/10 sum(weight)
(/hg/s/linux/rhel3_amd64/app/teTeX/06.17/texmf-dist/tex/latex/base/utf8.def)
Overfull \hbox (0.65622pt too wide) in paragraph at lines 941--946
[]\T1/ptm/m/n/10 Direct Max-i-mum Like-li-hood Es-ti-ma-tion (MLE) for mul-ti-v
ari-ate nor-mal mix-ture mod-els \T1/zi4/m/n/10 "[][]norMmix[][][]"\T1/ptm/m/n/
10 .
[15]
Overfull \hbox (28.29951pt too wide) in paragraph at lines 980--982
[]\T1/ptm/m/n/10 arguments for tun-ing the op-ti-mizer [][]\T1/zi4/m/n/10 optim
[][][](*,method=method,control = list(...))\T1/ptm/m/n/10 . 

Overfull \hbox (5.25328pt too wide) in paragraph at lines 1020--1020
 []\T1/zi4/m/n/9 if(interactive()) ## Fitting "wrong" overparametrized model: t
ypically need more iterations:[] 

Overfull \hbox (3.72261pt too wide) in paragraph at lines 1021--1021
 []  \T1/zi4/m/n/9 fmW <- norMmixMLE(x, k = 7, model = "VVV", maxit = 200)# def
ault maxit=100 is often too small[] 
(/hg/s/linux/rhel3_amd64/app/teTeX/06.17/texmf-dist/tex/latex/base/utf8.def)
[16]
(/hg/s/linux/rhel3_amd64/app/teTeX/06.17/texmf-dist/tex/latex/base/utf8.def)
(/hg/s/linux/rhel3_amd64/app/teTeX/06.17/texmf-dist/tex/latex/base/utf8.def)
[17]
(/hg/s/linux/rhel3_amd64/app/teTeX/06.17/texmf-dist/tex/latex/base/utf8.def)
[18]
Overfull \hbox (2.19864pt too wide) in paragraph at lines 1164--1166
[]\T1/ptm/m/n/10 further ar-gu-ments to be passed to [][]\T1/zi4/m/n/10 plot[][
][] \T1/ptm/m/n/10 if plotbest=TRUE, and [][]\T1/zi4/m/n/10 matplot[][][] \T1/p
tm/m/n/10 if FALSE 
(/hg/s/linux/rhel3_amd64/app/teTeX/06.17/texmf-dist/tex/latex/base/utf8.def)
[19]
(/hg/s/linux/rhel3_amd64/app/teTeX/06.17/texmf-dist/tex/latex/base/utf8.def)
(/hg/s/linux/rhel3_amd64/app/teTeX/06.17/texmf-dist/tex/latex/base/utf8.def)
[20]
Overfull \hbox (8.8184pt too wide) in paragraph at lines 1270--1272
[]\T1/ptm/m/n/10 a [][]\T1/zi4/m/n/10 character[][][] \T1/ptm/m/n/10 string spe
c-i-fy-ing the trans-form to use for the weights, see [][]\T1/zi4/m/n/10 llnorM
mix[][][]\T1/ptm/m/n/10 . 
(/tmp/RtmpxRU4dh/Rd2pdf75182507b565/Rd2.ind [21]

LaTeX Font Warning: Font shape `T1/zi4/m/it' undefined
(Font)              using `T1/zi4/m/n' instead on input line 80.

[22]) (/tmp/RtmpxRU4dh/Rd2pdf75182507b565/Rd2.aux)

LaTeX Font Warning: Some font shapes were not available, defaults substituted.

 )
(see the transcript file for additional information)pdfTeX warning (dest): name
{Rfn.rmultinom} has been referenced but does not exist, replaced by a fixed one


pdfTeX warning (dest): name{Rfn.points} has been referenced but does not exist,
 replaced by a fixed one

pdfTeX warning (dest): name{Rfn.BIC} has been referenced but does not exist, re
placed by a fixed one

pdfTeX warning (dest): name{Rfn.matplot} has been referenced but does not exist
, replaced by a fixed one

pdfTeX warning (dest): name{Rfn.plot} has been referenced but does not exist, r
eplaced by a fixed one

pdfTeX warning (dest): name{Rfn.length} has been referenced but does not exist,
 replaced by a fixed one

pdfTeX warning (dest): name{Rfn.class} has been referenced but does not exist, 
replaced by a fixed one

pdfTeX warning (dest): name{Rfn.ncol} has been referenced but does not exist, r
eplaced by a fixed one

pdfTeX warning (dest): name{Rfn.nrow} has been referenced but does not exist, r
eplaced by a fixed one

pdfTeX warning (dest): name{Rfn.optim} has been referenced but does not exist, 
replaced by a fixed one

pdfTeX warning (dest): name{Rfn.clara} has been referenced but does not exist, 
replaced by a fixed one

pdfTeX warning (dest): name{Rfn.function} has been referenced but does not exis
t, replaced by a fixed one

pdfTeX warning (dest): name{Rfn.Mclust} has been referenced but does not exist,
 replaced by a fixed one

pdfTeX warning (dest): name{Rfn.matrix} has been referenced but does not exist,
 replaced by a fixed one

pdfTeX warning (dest): name{Rfn.dmvnorm} has been referenced but does not exist
, replaced by a fixed one

pdfTeX warning (dest): name{Rfn.BunchKaufman} has been referenced but does not 
exist, replaced by a fixed one

pdfTeX warning (dest): name{Rfn.chol} has been referenced but does not exist, r
eplaced by a fixed one

pdfTeX warning (dest): name{Rfn.character} has been referenced but does not exi
st, replaced by a fixed one

pdfTeX warning (dest): name{Rfn.system.time} has been referenced but does not e
xist, replaced by a fixed one

pdfTeX warning (dest): name{Rfn.files} has been referenced but does not exist, 
replaced by a fixed one

pdfTeX warning (dest): name{Rfn.saveRDS} has been referenced but does not exist
, replaced by a fixed one

pdfTeX warning (dest): name{Rfn.list} has been referenced but does not exist, r
eplaced by a fixed one

{/hg/s/linux/rhel3_amd64/app/teTeX/06.17/texmf-dist/fonts/enc/dvips/inconsolata
/i4-ts1.enc}{/hg/s/linux/rhel3_amd64/app/teTeX/06.17/texmf-dist/fonts/enc/dvips
/base/8r.enc}{/hg/s/linux/rhel3_amd64/app/teTeX/06.17/texmf-dist/fonts/enc/dvip
s/inconsolata/i4-t1-0.enc}</hg/s/linux/rhel3_amd64/app/teTeX/06.17/texmf-dist/f
onts/type1/public/inconsolata/Inconsolata-zi4r.pfb></hg/s/linux/rhel3_amd64/app
/teTeX/06.17/texmf-dist/fonts/type1/public/amsfonts/cm/cmmi10.pfb></hg/s/linux/
rhel3_amd64/app/teTeX/06.17/texmf-dist/fonts/type1/public/amsfonts/cm/cmmi7.pfb
></hg/s/linux/rhel3_amd64/app/teTeX/06.17/texmf-dist/fonts/type1/public/amsfont
s/cm/cmr10.pfb></hg/s/linux/rhel3_amd64/app/teTeX/06.17/texmf-dist/fonts/type1/
public/amsfonts/cm/cmr7.pfb></hg/s/linux/rhel3_amd64/app/teTeX/06.17/texmf-dist
/fonts/type1/public/amsfonts/cm/cmsy10.pfb></hg/s/linux/rhel3_amd64/app/teTeX/0
6.17/texmf-dist/fonts/type1/public/amsfonts/cm/cmsy7.pfb></hg/s/linux/rhel3_amd
64/app/teTeX/06.17/texmf-dist/fonts/type1/urw/helvetic/uhvr8a.pfb></hg/s/linux/
rhel3_amd64/app/teTeX/06.17/texmf-dist/fonts/type1/urw/times/utmb8a.pfb></hg/s/
linux/rhel3_amd64/app/teTeX/06.17/texmf-dist/fonts/type1/urw/times/utmr8a.pfb><
/hg/s/linux/rhel3_amd64/app/teTeX/06.17/texmf-dist/fonts/type1/urw/times/utmr8a
.pfb></hg/s/linux/rhel3_amd64/app/teTeX/06.17/texmf-dist/fonts/type1/urw/times/
utmri8a.pfb>
Output written on Rd2.pdf (22 pages, 186847 bytes).
Transcript written on Rd2.log.
Saving output to norMmix-manual.pdf ...
Done
You may want to clean up by 'rm -Rf /tmp/RtmpxRU4dh/Rd2pdf75182507b565'
